timeStamp,elapsed,label,responseCode,responseMessage,threadName,dataType,success,failureMessage,bytes,sentBytes,grpThreads,allThreads,URL,Latency,IdleTime,Connect
1576220059951,886,news module-today's news,429,Too Many Requests, 1-1,text,false,Test failed: text expected to contain /https://en.wikipedia.org/wiki/Functional_testing/,5683,682,1,44,https://www.google.com/sorry/index?continue=https://www.google.com/search%3Fq%3D%2B%26safe%3Dstrict%26hl%3Dzh-TW%26source%3Dlnms%26tbm%3Dnws&hl=zh-TW&q=EgQBoS4vGJzrzO8FIhkA8aeDS5Yky3rPCS0t6_ehVfFmZl7j0AGzMgFy,151,0,65
1576220059951,151,news module-today's news-0,301,Moved Permanently, 1-1,text,true,,828,210,1,44,https://google.com/search?q=+&safe=strict&hl=zh-TW&source=lnms&tbm=nws,151,0,65
1576220060102,700,news module-today's news-1,302,Found, 1-1,text,true,,1364,169,1,44,https://www.google.com/search?q=+&safe=strict&hl=zh-TW&source=lnms&tbm=nws,700,0,185
1576220060802,35,news module-today's news-2,429,Too Many Requests, 1-1,text,false,,3491,303,1,44,https://www.google.com/sorry/index?continue=https://www.google.com/search%3Fq%3D%2B%26safe%3Dstrict%26hl%3Dzh-TW%26source%3Dlnms%26tbm%3Dnws&hl=zh-TW&q=EgQBoS4vGJzrzO8FIhkA8aeDS5Yky3rPCS0t6_ehVfFmZl7j0AGzMgFy,35,0,0
1576221107760,3282,news module-today's news,429,Too Many Requests, 1-1,text,false,Test failed: text expected to contain /https://en.wikipedia.org/wiki/Functional_testing/,5683,682,1,35,https://www.google.com/sorry/index?continue=https://www.google.com/search%3Fq%3D%2B%26safe%3Dstrict%26hl%3Dzh-TW%26source%3Dlnms%26tbm%3Dnws&hl=zh-TW&q=EgQBoS4vGLbzzO8FIhkA8aeDS4HMVgg0WKaJMNtb0DuH9WXDbXwGMgFy,2101,0,2015
1576221107760,2101,news module-today's news-0,301,Moved Permanently, 1-1,text,true,,828,210,1,35,https://google.com/search?q=+&safe=strict&hl=zh-TW&source=lnms&tbm=nws,2101,0,2015
1576221109862,1148,news module-today's news-1,302,Found, 1-1,text,true,,1364,169,1,35,https://www.google.com/search?q=+&safe=strict&hl=zh-TW&source=lnms&tbm=nws,1148,0,382
1576221111011,31,news module-today's news-2,429,Too Many Requests, 1-1,text,false,,3491,303,1,35,https://www.google.com/sorry/index?continue=https://www.google.com/search%3Fq%3D%2B%26safe%3Dstrict%26hl%3Dzh-TW%26source%3Dlnms%26tbm%3Dnws&hl=zh-TW&q=EgQBoS4vGLbzzO8FIhkA8aeDS4HMVgg0WKaJMNtb0DuH9WXDbXwGMgFy,31,0,0
1576221615255,487,module-3-todayNews,429,Too Many Requests, 1-1,text,false,Test failed: text expected to contain /https://en.wikipedia.org/wiki/Functional_testing/,5683,682,1,17,https://www.google.com/sorry/index?continue=https://www.google.com/search%3Fq%3D%2B%26safe%3Dstrict%26hl%3Dzh-TW%26source%3Dlnms%26tbm%3Dnws&hl=zh-TW&q=EgQBoS4vGK_3zO8FIhkA8aeDS6XQN3udhArqfv04nH3NUUcUxfx0MgFy,48,0,27
1576221615255,48,module-3-todayNews-0,301,Moved Permanently, 1-1,text,true,,828,210,1,17,https://google.com/search?q=+&safe=strict&hl=zh-TW&source=lnms&tbm=nws,48,0,27
1576221615303,421,module-3-todayNews-1,302,Found, 1-1,text,true,,1364,169,1,17,https://www.google.com/search?q=+&safe=strict&hl=zh-TW&source=lnms&tbm=nws,421,0,44
1576221615724,18,module-3-todayNews-2,429,Too Many Requests, 1-1,text,false,,3491,303,1,17,https://www.google.com/sorry/index?continue=https://www.google.com/search%3Fq%3D%2B%26safe%3Dstrict%26hl%3Dzh-TW%26source%3Dlnms%26tbm%3Dnws&hl=zh-TW&q=EgQBoS4vGK_3zO8FIhkA8aeDS6XQN3udhArqfv04nH3NUUcUxfx0MgFy,18,0,0
1576221856152,2197,module-3-todayNews,429,Too Many Requests, 1-1,text,false,Test failed: text expected to contain /https://en.wikipedia.org/wiki/Functional_testing/,5683,682,1,351,https://www.google.com/sorry/index?continue=https://www.google.com/search%3Fq%3D%2B%26safe%3Dstrict%26hl%3Dzh-TW%26source%3Dlnms%26tbm%3Dnws&hl=zh-TW&q=EgQBoS4vGKH5zO8FIhkA8aeDSzYxBLctbMxVR2reMX7dk-ecVYZCMgFy,71,0,29
1576221856152,71,module-3-todayNews-0,301,Moved Permanently, 1-1,text,true,,828,210,1,351,https://google.com/search?q=+&safe=strict&hl=zh-TW&source=lnms&tbm=nws,71,0,29
1576221856223,1594,module-3-todayNews-1,302,Found, 1-1,text,true,,1364,169,1,351,https://www.google.com/search?q=+&safe=strict&hl=zh-TW&source=lnms&tbm=nws,1594,0,148
1576221857817,532,module-3-todayNews-2,429,Too Many Requests, 1-1,text,false,,3491,303,1,351,https://www.google.com/sorry/index?continue=https://www.google.com/search%3Fq%3D%2B%26safe%3Dstrict%26hl%3Dzh-TW%26source%3Dlnms%26tbm%3Dnws&hl=zh-TW&q=EgQBoS4vGKH5zO8FIhkA8aeDSzYxBLctbMxVR2reMX7dk-ecVYZCMgFy,532,0,0
1576223321986,599,module-3-todayNews,429,Too Many Requests, 1-1,text,false,Test failed: text expected to contain /https://en.wikipedia.org/wiki/Functional_testing/,5683,682,1,17,https://www.google.com/sorry/index?continue=https://www.google.com/search%3Fq%3D%2B%26safe%3Dstrict%26hl%3Dzh-TW%26source%3Dlnms%26tbm%3Dnws&hl=zh-TW&q=EgQBoS4vGNqEze8FIhkA8aeDS6GVFWtNUKYLLxoHccbLDe4aY-s3MgFy,65,0,41
1576223321986,65,module-3-todayNews-0,301,Moved Permanently, 1-1,text,true,,828,210,1,17,https://google.com/search?q=+&safe=strict&hl=zh-TW&source=lnms&tbm=nws,65,0,41
1576223322052,441,module-3-todayNews-1,302,Found, 1-1,text,true,,1364,169,1,17,https://www.google.com/search?q=+&safe=strict&hl=zh-TW&source=lnms&tbm=nws,441,0,0
1576223322494,91,module-3-todayNews-2,429,Too Many Requests, 1-1,text,false,,3491,303,1,17,https://www.google.com/sorry/index?continue=https://www.google.com/search%3Fq%3D%2B%26safe%3Dstrict%26hl%3Dzh-TW%26source%3Dlnms%26tbm%3Dnws&hl=zh-TW&q=EgQBoS4vGNqEze8FIhkA8aeDS6GVFWtNUKYLLxoHccbLDe4aY-s3MgFy,91,0,70
1576223888331,807,module-3-todayNews,429,Too Many Requests, 1-1,text,false,Test failed: text expected to contain /https://en.wikipedia.org/wiki/Functional_testing/,5683,682,1,100,https://www.google.com/sorry/index?continue=https://www.google.com/search%3Fq%3D%2B%26safe%3Dstrict%26hl%3Dzh-TW%26source%3Dlnms%26tbm%3Dnws&hl=zh-TW&q=EgQBoS4vGJCJze8FIhkA8aeDS1LYPvrTTpX7fYNa-7_EPDRBVJRkMgFy,175,0,0
1576223888331,175,module-3-todayNews-0,301,Moved Permanently, 1-1,text,true,,828,210,1,100,https://google.com/search?q=+&safe=strict&hl=zh-TW&source=lnms&tbm=nws,175,0,0
1576223888507,484,module-3-todayNews-1,302,Found, 1-1,text,true,,1364,169,1,100,https://www.google.com/search?q=+&safe=strict&hl=zh-TW&source=lnms&tbm=nws,484,0,0
1576223888991,147,module-3-todayNews-2,429,Too Many Requests, 1-1,text,false,,3491,303,1,100,https://www.google.com/sorry/index?continue=https://www.google.com/search%3Fq%3D%2B%26safe%3Dstrict%26hl%3Dzh-TW%26source%3Dlnms%26tbm%3Dnws&hl=zh-TW&q=EgQBoS4vGJCJze8FIhkA8aeDS1LYPvrTTpX7fYNa-7_EPDRBVJRkMgFy,147,0,124
