timeStamp,elapsed,label,responseCode,responseMessage,threadName,dataType,success,failureMessage,bytes,sentBytes,grpThreads,allThreads,URL,Latency,IdleTime,Connect
1573489930865,919,HTTP Request,200,OK,stress 4-3,text,true,,90706,369,5,8,https://www.google.com/search?client=ubuntu&channel=fs&q=functional+test,356,0,324
1573489930865,356,HTTP Request-0,301,Moved Permanently,stress 4-3,text,true,,816,205,5,8,https://google.com/search?client=ubuntu&channel=fs&q=functional+test,356,0,324
1573489931230,554,HTTP Request-1,200,OK,stress 4-3,text,true,,89890,164,5,8,https://www.google.com/search?client=ubuntu&channel=fs&q=functional+test,142,0,93
1573489930636,1167,HTTP Request,200,OK,stress 4-1,text,true,,92856,369,5,8,https://www.google.com/search?client=ubuntu&channel=fs&q=functional+test,586,0,558
1573489930636,587,HTTP Request-0,301,Moved Permanently,stress 4-1,text,true,,816,205,5,8,https://google.com/search?client=ubuntu&channel=fs&q=functional+test,586,0,558
1573489931233,570,HTTP Request-1,200,OK,stress 4-1,text,true,,92040,164,5,8,https://www.google.com/search?client=ubuntu&channel=fs&q=functional+test,191,0,124
1573489930676,1130,HTTP Request,200,OK,stress 4-2,text,true,,95730,369,5,8,https://www.google.com/search?client=ubuntu&channel=fs&q=functional+test,546,0,514
1573489930676,546,HTTP Request-0,301,Moved Permanently,stress 4-2,text,true,,816,205,5,8,https://google.com/search?client=ubuntu&channel=fs&q=functional+test,546,0,514
1573489931230,576,HTTP Request-1,200,OK,stress 4-2,text,true,,94914,164,5,8,https://www.google.com/search?client=ubuntu&channel=fs&q=functional+test,165,0,105
1573489931068,743,HTTP Request,200,OK,stress 4-4,text,true,,95401,369,5,8,https://www.google.com/search?client=ubuntu&channel=fs&q=functional+test,157,0,128
1573489931068,157,HTTP Request-0,301,Moved Permanently,stress 4-4,text,true,,816,205,5,8,https://google.com/search?client=ubuntu&channel=fs&q=functional+test,157,0,128
1573489931227,584,HTTP Request-1,200,OK,stress 4-4,text,true,,94585,164,5,8,https://www.google.com/search?client=ubuntu&channel=fs&q=functional+test,152,0,99
1573489931264,649,HTTP Request,200,OK,stress 4-5,text,true,,95680,369,5,7,https://www.google.com/search?client=ubuntu&channel=fs&q=functional+test,96,0,75
1573489931264,96,HTTP Request-0,301,Moved Permanently,stress 4-5,text,true,,816,205,5,7,https://google.com/search?client=ubuntu&channel=fs&q=functional+test,96,0,75
1573489931361,552,HTTP Request-1,200,OK,stress 4-5,text,true,,94864,164,5,7,https://www.google.com/search?client=ubuntu&channel=fs&q=functional+test,136,0,84
1573489931792,549,HTTP Request,200,OK,stress 4-3,text,true,,95735,369,5,6,https://www.google.com/search?client=ubuntu&channel=fs&q=functional+test,122,0,91
1573489931792,122,HTTP Request-0,301,Moved Permanently,stress 4-3,text,true,,816,205,5,6,https://google.com/search?client=ubuntu&channel=fs&q=functional+test,122,0,91
1573489931914,427,HTTP Request-1,200,OK,stress 4-3,text,true,,94919,164,5,6,https://www.google.com/search?client=ubuntu&channel=fs&q=functional+test,115,0,71
1573489931806,664,HTTP Request,200,OK,stress 4-1,text,true,,95405,369,4,5,https://www.google.com/search?client=ubuntu&channel=fs&q=functional+test,106,0,77
1573489931806,106,HTTP Request-0,301,Moved Permanently,stress 4-1,text,true,,816,205,4,5,https://google.com/search?client=ubuntu&channel=fs&q=functional+test,106,0,77
1573489931913,557,HTTP Request-1,200,OK,stress 4-1,text,true,,94589,164,4,5,https://www.google.com/search?client=ubuntu&channel=fs&q=functional+test,144,0,86
1573489931809,730,HTTP Request,200,OK,stress 4-2,text,true,,95730,369,3,4,https://www.google.com/search?client=ubuntu&channel=fs&q=functional+test,123,0,101
1573489931809,123,HTTP Request-0,301,Moved Permanently,stress 4-2,text,true,,816,205,3,4,https://google.com/search?client=ubuntu&channel=fs&q=functional+test,123,0,101
1573489931933,606,HTTP Request-1,200,OK,stress 4-2,text,true,,94914,164,3,4,https://www.google.com/search?client=ubuntu&channel=fs&q=functional+test,132,0,67
1573489931915,634,HTTP Request,200,OK,stress 4-5,text,true,,95399,369,2,3,https://www.google.com/search?client=ubuntu&channel=fs&q=functional+test,93,0,76
1573489931915,93,HTTP Request-0,301,Moved Permanently,stress 4-5,text,true,,816,205,2,3,https://google.com/search?client=ubuntu&channel=fs&q=functional+test,93,0,76
1573489932009,540,HTTP Request-1,200,OK,stress 4-5,text,true,,94583,164,2,3,https://www.google.com/search?client=ubuntu&channel=fs&q=functional+test,130,0,69
1573489931813,737,HTTP Request,200,OK,stress 4-4,text,true,,95634,369,2,3,https://www.google.com/search?client=ubuntu&channel=fs&q=functional+test,123,0,103
1573489931813,123,HTTP Request-0,301,Moved Permanently,stress 4-4,text,true,,816,205,2,3,https://google.com/search?client=ubuntu&channel=fs&q=functional+test,123,0,103
1573489931939,611,HTTP Request-1,200,OK,stress 4-4,text,true,,94818,164,2,3,https://www.google.com/search?client=ubuntu&channel=fs&q=functional+test,145,0,63
